[2024-02-16 03:36:00] local.ERROR: SQLSTATE[HY000] [1049] Unknown database 'Salao' (Connection: mysql, SQL: select table_name as `name`, (data_length + index_length) as `size`, table_comment as `comment`, engine as `engine`, table_collation as `collation` from information_schema.tables where table_schema = 'Salao' and table_type in ('BASE TABLE', 'SYSTEM VERSIONED') order by table_name) {"exception":"[object] (Illuminate\\Database\\QueryException(code: 1049): SQLSTATE[HY000] [1049] Unknown database 'Salao' (Connection: mysql, SQL: select table_name as `name`, (data_length + index_length) as `size`, table_comment as `comment`, engine as `engine`, table_collation as `collation` from information_schema.tables where table_schema = 'Salao' and table_type in ('BASE TABLE', 'SYSTEM VERSIONED') order by table_name) at /home/willy/Projetos/Salao/vendor/laravel/framework/src/Illuminate/Database/Connection.php:829)
[stacktrace]
#0 /home/willy/Projetos/Salao/vendor/laravel/framework/src/Illuminate/Database/Connection.php(783): Illuminate\\Database\\Connection->runQueryCallback()
#1 /home/willy/Projetos/Salao/vendor/laravel/framework/src/Illuminate/Database/Connection.php(431): Illuminate\\Database\\Connection->run()
#2 /home/willy/Projetos/Salao/vendor/laravel/framework/src/Illuminate/Database/Connection.php(401): Illuminate\\Database\\Connection->select()
#3 /home/willy/Projetos/Salao/vendor/laravel/framework/src/Illuminate/Database/Schema/MySqlBuilder.php(42): Illuminate\\Database\\Connection->selectFromWriteConnection()
#4 /home/willy/Projetos/Salao/vendor/laravel/framework/src/Illuminate/Database/Schema/MySqlBuilder.php(147): Illuminate\\Database\\Schema\\MySqlBuilder->getTables()
#5 /home/willy/Projetos/Salao/vendor/laravel/framework/src/Illuminate/Database/Console/WipeCommand.php(71): Illuminate\\Database\\Schema\\MySqlBuilder->dropAllTables()
#6 /home/willy/Projetos/Salao/vendor/laravel/framework/src/Illuminate/Database/Console/WipeCommand.php(48): Illuminate\\Database\\Console\\WipeCommand->dropAllTables()
#7 /home/willy/Projetos/Salao/vendor/laravel/framework/src/Illuminate/Container/BoundMethod.php(36): Illuminate\\Database\\Console\\WipeCommand->handle()
#8 /home/willy/Projetos/Salao/vendor/laravel/framework/src/Illuminate/Container/Util.php(41): Illuminate\\Container\\BoundMethod::Illuminate\\Container\\{closure}()
#9 /home/willy/Projetos/Salao/vendor/laravel/framework/src/Illuminate/Container/BoundMethod.php(93): Illuminate\\Container\\Util::unwrapIfClosure()
#10 /home/willy/Projetos/Salao/vendor/laravel/framework/src/Illuminate/Container/BoundMethod.php(37): Illuminate\\Container\\BoundMethod::callBoundMethod()
#11 /home/willy/Projetos/Salao/vendor/laravel/framework/src/Illuminate/Container/Container.php(662): Illuminate\\Container\\BoundMethod::call()
#12 /home/willy/Projetos/Salao/vendor/laravel/framework/src/Illuminate/Console/Command.php(211): Illuminate\\Container\\Container->call()
#13 /home/willy/Projetos/Salao/vendor/symfony/console/Command/Command.php(326): Illuminate\\Console\\Command->execute()
#14 /home/willy/Projetos/Salao/vendor/laravel/framework/src/Illuminate/Console/Command.php(181): Symfony\\Component\\Console\\Command\\Command->run()
#15 /home/willy/Projetos/Salao/vendor/laravel/framework/src/Illuminate/Console/Concerns/CallsCommands.php(68): Illuminate\\Console\\Command->run()
#16 /home/willy/Projetos/Salao/vendor/laravel/framework/src/Illuminate/Console/Concerns/CallsCommands.php(40): Illuminate\\Console\\Command->runCommand()
#17 /home/willy/Projetos/Salao/vendor/laravel/framework/src/Illuminate/Database/Console/Migrations/FreshCommand.php(45): Illuminate\\Console\\Command->callSilent()
#18 /home/willy/Projetos/Salao/vendor/laravel/framework/src/Illuminate/Console/View/Components/Task.php(37): Illuminate\\Database\\Console\\Migrations\\FreshCommand->Illuminate\\Database\\Console\\Migrations\\{closure}()
#19 /home/willy/Projetos/Salao/vendor/laravel/framework/src/Illuminate/Console/View/Components/Factory.php(58): Illuminate\\Console\\View\\Components\\Task->render()
#20 /home/willy/Projetos/Salao/vendor/laravel/framework/src/Illuminate/Database/Console/Migrations/FreshCommand.php(49): Illuminate\\Console\\View\\Components\\Factory->__call()
#21 /home/willy/Projetos/Salao/vendor/laravel/framework/src/Illuminate/Container/BoundMethod.php(36): Illuminate\\Database\\Console\\Migrations\\FreshCommand->handle()
#22 /home/willy/Projetos/Salao/vendor/laravel/framework/src/Illuminate/Container/Util.php(41): Illuminate\\Container\\BoundMethod::Illuminate\\Container\\{closure}()
#23 /home/willy/Projetos/Salao/vendor/laravel/framework/src/Illuminate/Container/BoundMethod.php(93): Illuminate\\Container\\Util::unwrapIfClosure()
#24 /home/willy/Projetos/Salao/vendor/laravel/framework/src/Illuminate/Container/BoundMethod.php(37): Illuminate\\Container\\BoundMethod::callBoundMethod()
#25 /home/willy/Projetos/Salao/vendor/laravel/framework/src/Illuminate/Container/Container.php(662): Illuminate\\Container\\BoundMethod::call()
#26 /home/willy/Projetos/Salao/vendor/laravel/framework/src/Illuminate/Console/Command.php(211): Illuminate\\Container\\Container->call()
#27 /home/willy/Projetos/Salao/vendor/symfony/console/Command/Command.php(326): Illuminate\\Console\\Command->execute()
#28 /home/willy/Projetos/Salao/vendor/laravel/framework/src/Illuminate/Console/Command.php(181): Symfony\\Component\\Console\\Command\\Command->run()
#29 /home/willy/Projetos/Salao/vendor/symfony/console/Application.php(1096): Illuminate\\Console\\Command->run()
#30 /home/willy/Projetos/Salao/vendor/symfony/console/Application.php(324): Symfony\\Component\\Console\\Application->doRunCommand()
#31 /home/willy/Projetos/Salao/vendor/symfony/console/Application.php(175): Symfony\\Component\\Console\\Application->doRun()
#32 /home/willy/Projetos/Salao/vendor/laravel/framework/src/Illuminate/Foundation/Console/Kernel.php(201): Symfony\\Component\\Console\\Application->run()
#33 /home/willy/Projetos/Salao/artisan(37): Illuminate\\Foundation\\Console\\Kernel->handle()
#34 {main}

[previous exception] [object] (PDOException(code: 1049): SQLSTATE[HY000] [1049] Unknown database 'Salao' at /home/willy/Projetos/Salao/vendor/laravel/framework/src/Illuminate/Database/Connectors/Connector.php:65)
[stacktrace]
#0 /home/willy/Projetos/Salao/vendor/laravel/framework/src/Illuminate/Database/Connectors/Connector.php(65): PDO->__construct()
#1 /home/willy/Projetos/Salao/vendor/laravel/framework/src/Illuminate/Database/Connectors/Connector.php(45): Illuminate\\Database\\Connectors\\Connector->createPdoConnection()
#2 /home/willy/Projetos/Salao/vendor/laravel/framework/src/Illuminate/Database/Connectors/MySqlConnector.php(24): Illuminate\\Database\\Connectors\\Connector->createConnection()
#3 /home/willy/Projetos/Salao/vendor/laravel/framework/src/Illuminate/Database/Connectors/ConnectionFactory.php(184): Illuminate\\Database\\Connectors\\MySqlConnector->connect()
#4 [internal function]: Illuminate\\Database\\Connectors\\ConnectionFactory->Illuminate\\Database\\Connectors\\{closure}()
#5 /home/willy/Projetos/Salao/vendor/laravel/framework/src/Illuminate/Database/Connection.php(1339): call_user_func()
#6 /home/willy/Projetos/Salao/vendor/laravel/framework/src/Illuminate/Database/Connection.php(528): Illuminate\\Database\\Connection->getPdo()
#7 /home/willy/Projetos/Salao/vendor/laravel/framework/src/Illuminate/Database/Connection.php(423): Illuminate\\Database\\Connection->getPdoForSelect()
#8 /home/willy/Projetos/Salao/vendor/laravel/framework/src/Illuminate/Database/Connection.php(816): Illuminate\\Database\\Connection->Illuminate\\Database\\{closure}()
#9 /home/willy/Projetos/Salao/vendor/laravel/framework/src/Illuminate/Database/Connection.php(783): Illuminate\\Database\\Connection->runQueryCallback()
#10 /home/willy/Projetos/Salao/vendor/laravel/framework/src/Illuminate/Database/Connection.php(431): Illuminate\\Database\\Connection->run()
#11 /home/willy/Projetos/Salao/vendor/laravel/framework/src/Illuminate/Database/Connection.php(401): Illuminate\\Database\\Connection->select()
#12 /home/willy/Projetos/Salao/vendor/laravel/framework/src/Illuminate/Database/Schema/MySqlBuilder.php(42): Illuminate\\Database\\Connection->selectFromWriteConnection()
#13 /home/willy/Projetos/Salao/vendor/laravel/framework/src/Illuminate/Database/Schema/MySqlBuilder.php(147): Illuminate\\Database\\Schema\\MySqlBuilder->getTables()
#14 /home/willy/Projetos/Salao/vendor/laravel/framework/src/Illuminate/Database/Console/WipeCommand.php(71): Illuminate\\Database\\Schema\\MySqlBuilder->dropAllTables()
#15 /home/willy/Projetos/Salao/vendor/laravel/framework/src/Illuminate/Database/Console/WipeCommand.php(48): Illuminate\\Database\\Console\\WipeCommand->dropAllTables()
#16 /home/willy/Projetos/Salao/vendor/laravel/framework/src/Illuminate/Container/BoundMethod.php(36): Illuminate\\Database\\Console\\WipeCommand->handle()
#17 /home/willy/Projetos/Salao/vendor/laravel/framework/src/Illuminate/Container/Util.php(41): Illuminate\\Container\\BoundMethod::Illuminate\\Container\\{closure}()
#18 /home/willy/Projetos/Salao/vendor/laravel/framework/src/Illuminate/Container/BoundMethod.php(93): Illuminate\\Container\\Util::unwrapIfClosure()
#19 /home/willy/Projetos/Salao/vendor/laravel/framework/src/Illuminate/Container/BoundMethod.php(37): Illuminate\\Container\\BoundMethod::callBoundMethod()
#20 /home/willy/Projetos/Salao/vendor/laravel/framework/src/Illuminate/Container/Container.php(662): Illuminate\\Container\\BoundMethod::call()
#21 /home/willy/Projetos/Salao/vendor/laravel/framework/src/Illuminate/Console/Command.php(211): Illuminate\\Container\\Container->call()
#22 /home/willy/Projetos/Salao/vendor/symfony/console/Command/Command.php(326): Illuminate\\Console\\Command->execute()
#23 /home/willy/Projetos/Salao/vendor/laravel/framework/src/Illuminate/Console/Command.php(181): Symfony\\Component\\Console\\Command\\Command->run()
#24 /home/willy/Projetos/Salao/vendor/laravel/framework/src/Illuminate/Console/Concerns/CallsCommands.php(68): Illuminate\\Console\\Command->run()
#25 /home/willy/Projetos/Salao/vendor/laravel/framework/src/Illuminate/Console/Concerns/CallsCommands.php(40): Illuminate\\Console\\Command->runCommand()
#26 /home/willy/Projetos/Salao/vendor/laravel/framework/src/Illuminate/Database/Console/Migrations/FreshCommand.php(45): Illuminate\\Console\\Command->callSilent()
#27 /home/willy/Projetos/Salao/vendor/laravel/framework/src/Illuminate/Console/View/Components/Task.php(37): Illuminate\\Database\\Console\\Migrations\\FreshCommand->Illuminate\\Database\\Console\\Migrations\\{closure}()
#28 /home/willy/Projetos/Salao/vendor/laravel/framework/src/Illuminate/Console/View/Components/Factory.php(58): Illuminate\\Console\\View\\Components\\Task->render()
#29 /home/willy/Projetos/Salao/vendor/laravel/framework/src/Illuminate/Database/Console/Migrations/FreshCommand.php(49): Illuminate\\Console\\View\\Components\\Factory->__call()
#30 /home/willy/Projetos/Salao/vendor/laravel/framework/src/Illuminate/Container/BoundMethod.php(36): Illuminate\\Database\\Console\\Migrations\\FreshCommand->handle()
#31 /home/willy/Projetos/Salao/vendor/laravel/framework/src/Illuminate/Container/Util.php(41): Illuminate\\Container\\BoundMethod::Illuminate\\Container\\{closure}()
#32 /home/willy/Projetos/Salao/vendor/laravel/framework/src/Illuminate/Container/BoundMethod.php(93): Illuminate\\Container\\Util::unwrapIfClosure()
#33 /home/willy/Projetos/Salao/vendor/laravel/framework/src/Illuminate/Container/BoundMethod.php(37): Illuminate\\Container\\BoundMethod::callBoundMethod()
#34 /home/willy/Projetos/Salao/vendor/laravel/framework/src/Illuminate/Container/Container.php(662): Illuminate\\Container\\BoundMethod::call()
#35 /home/willy/Projetos/Salao/vendor/laravel/framework/src/Illuminate/Console/Command.php(211): Illuminate\\Container\\Container->call()
#36 /home/willy/Projetos/Salao/vendor/symfony/console/Command/Command.php(326): Illuminate\\Console\\Command->execute()
#37 /home/willy/Projetos/Salao/vendor/laravel/framework/src/Illuminate/Console/Command.php(181): Symfony\\Component\\Console\\Command\\Command->run()
#38 /home/willy/Projetos/Salao/vendor/symfony/console/Application.php(1096): Illuminate\\Console\\Command->run()
#39 /home/willy/Projetos/Salao/vendor/symfony/console/Application.php(324): Symfony\\Component\\Console\\Application->doRunCommand()
#40 /home/willy/Projetos/Salao/vendor/symfony/console/Application.php(175): Symfony\\Component\\Console\\Application->doRun()
#41 /home/willy/Projetos/Salao/vendor/laravel/framework/src/Illuminate/Foundation/Console/Kernel.php(201): Symfony\\Component\\Console\\Application->run()
#42 /home/willy/Projetos/Salao/artisan(37): Illuminate\\Foundation\\Console\\Kernel->handle()
#43 {main}
"} 
[2024-02-16 03:37:04] local.ERROR: Connection timed out [tcp://172.20.0.2:6379] {"exception":"[object] (Predis\\Connection\\ConnectionException(code: 110): Connection timed out [tcp://172.20.0.2:6379] at /home/willy/Projetos/Salao/vendor/predis/predis/src/Connection/AbstractConnection.php:144)
[stacktrace]
#0 /home/willy/Projetos/Salao/vendor/predis/predis/src/Connection/StreamConnection.php(109): Predis\\Connection\\AbstractConnection->onConnectionError()
#1 /home/willy/Projetos/Salao/vendor/predis/predis/src/Connection/StreamConnection.php(154): Predis\\Connection\\StreamConnection->createStreamSocket()
#2 /home/willy/Projetos/Salao/vendor/predis/predis/src/Connection/StreamConnection.php(80): Predis\\Connection\\StreamConnection->tcpStreamInitializer()
#3 /home/willy/Projetos/Salao/vendor/predis/predis/src/Connection/AbstractConnection.php(85): Predis\\Connection\\StreamConnection->createResource()
#4 /home/willy/Projetos/Salao/vendor/predis/predis/src/Connection/StreamConnection.php(230): Predis\\Connection\\AbstractConnection->connect()
#5 /home/willy/Projetos/Salao/vendor/predis/predis/src/Connection/AbstractConnection.php(169): Predis\\Connection\\StreamConnection->connect()
#6 /home/willy/Projetos/Salao/vendor/predis/predis/src/Connection/StreamConnection.php(265): Predis\\Connection\\AbstractConnection->getResource()
#7 /home/willy/Projetos/Salao/vendor/predis/predis/src/Connection/StreamConnection.php(372): Predis\\Connection\\StreamConnection->write()
#8 /home/willy/Projetos/Salao/vendor/predis/predis/src/Connection/AbstractConnection.php(122): Predis\\Connection\\StreamConnection->writeRequest()
#9 /home/willy/Projetos/Salao/vendor/predis/predis/src/Client.php(381): Predis\\Connection\\AbstractConnection->executeCommand()
#10 /home/willy/Projetos/Salao/vendor/predis/predis/src/Client.php(336): Predis\\Client->executeCommand()
#11 /home/willy/Projetos/Salao/vendor/laravel/framework/src/Illuminate/Redis/Connections/Connection.php(116): Predis\\Client->__call()
#12 /home/willy/Projetos/Salao/vendor/laravel/framework/src/Illuminate/Redis/Connections/Connection.php(229): Illuminate\\Redis\\Connections\\Connection->command()
#13 /home/willy/Projetos/Salao/vendor/laravel/framework/src/Illuminate/Cache/RedisStore.php(238): Illuminate\\Redis\\Connections\\Connection->__call()
#14 /home/willy/Projetos/Salao/vendor/laravel/framework/src/Illuminate/Cache/Repository.php(451): Illuminate\\Cache\\RedisStore->forget()
#15 /home/willy/Projetos/Salao/database/migrations/2023_06_13_033837_create_permission_tables.php(119): Illuminate\\Cache\\Repository->forget()
#16 /home/willy/Projetos/Salao/vendor/laravel/framework/src/Illuminate/Database/Migrations/Migrator.php(493): CreatePermissionTables->up()
#17 /home/willy/Projetos/Salao/vendor/laravel/framework/src/Illuminate/Database/Migrations/Migrator.php(410): Illuminate\\Database\\Migrations\\Migrator->runMethod()
#18 /home/willy/Projetos/Salao/vendor/laravel/framework/src/Illuminate/Database/Migrations/Migrator.php(419): Illuminate\\Database\\Migrations\\Migrator->Illuminate\\Database\\Migrations\\{closure}()
#19 /home/willy/Projetos/Salao/vendor/laravel/framework/src/Illuminate/Database/Migrations/Migrator.php(216): Illuminate\\Database\\Migrations\\Migrator->runMigration()
#20 /home/willy/Projetos/Salao/vendor/laravel/framework/src/Illuminate/Console/View/Components/Task.php(37): Illuminate\\Database\\Migrations\\Migrator->Illuminate\\Database\\Migrations\\{closure}()
#21 /home/willy/Projetos/Salao/vendor/laravel/framework/src/Illuminate/Database/Migrations/Migrator.php(756): Illuminate\\Console\\View\\Components\\Task->render()
#22 /home/willy/Projetos/Salao/vendor/laravel/framework/src/Illuminate/Database/Migrations/Migrator.php(216): Illuminate\\Database\\Migrations\\Migrator->write()
#23 /home/willy/Projetos/Salao/vendor/laravel/framework/src/Illuminate/Database/Migrations/Migrator.php(181): Illuminate\\Database\\Migrations\\Migrator->runUp()
#24 /home/willy/Projetos/Salao/vendor/laravel/framework/src/Illuminate/Database/Migrations/Migrator.php(124): Illuminate\\Database\\Migrations\\Migrator->runPending()
#25 /home/willy/Projetos/Salao/vendor/laravel/framework/src/Illuminate/Database/Console/Migrations/MigrateCommand.php(92): Illuminate\\Database\\Migrations\\Migrator->run()
#26 /home/willy/Projetos/Salao/vendor/laravel/framework/src/Illuminate/Database/Migrations/Migrator.php(633): Illuminate\\Database\\Console\\Migrations\\MigrateCommand->Illuminate\\Database\\Console\\Migrations\\{closure}()
#27 /home/willy/Projetos/Salao/vendor/laravel/framework/src/Illuminate/Database/Console/Migrations/MigrateCommand.php(104): Illuminate\\Database\\Migrations\\Migrator->usingConnection()
#28 /home/willy/Projetos/Salao/vendor/laravel/framework/src/Illuminate/Container/BoundMethod.php(36): Illuminate\\Database\\Console\\Migrations\\MigrateCommand->handle()
#29 /home/willy/Projetos/Salao/vendor/laravel/framework/src/Illuminate/Container/Util.php(41): Illuminate\\Container\\BoundMethod::Illuminate\\Container\\{closure}()
#30 /home/willy/Projetos/Salao/vendor/laravel/framework/src/Illuminate/Container/BoundMethod.php(93): Illuminate\\Container\\Util::unwrapIfClosure()
#31 /home/willy/Projetos/Salao/vendor/laravel/framework/src/Illuminate/Container/BoundMethod.php(37): Illuminate\\Container\\BoundMethod::callBoundMethod()
#32 /home/willy/Projetos/Salao/vendor/laravel/framework/src/Illuminate/Container/Container.php(662): Illuminate\\Container\\BoundMethod::call()
#33 /home/willy/Projetos/Salao/vendor/laravel/framework/src/Illuminate/Console/Command.php(211): Illuminate\\Container\\Container->call()
#34 /home/willy/Projetos/Salao/vendor/symfony/console/Command/Command.php(326): Illuminate\\Console\\Command->execute()
#35 /home/willy/Projetos/Salao/vendor/laravel/framework/src/Illuminate/Console/Command.php(181): Symfony\\Component\\Console\\Command\\Command->run()
#36 /home/willy/Projetos/Salao/vendor/laravel/framework/src/Illuminate/Console/Concerns/CallsCommands.php(68): Illuminate\\Console\\Command->run()
#37 /home/willy/Projetos/Salao/vendor/laravel/framework/src/Illuminate/Console/Concerns/CallsCommands.php(28): Illuminate\\Console\\Command->runCommand()
#38 /home/willy/Projetos/Salao/vendor/laravel/framework/src/Illuminate/Database/Console/Migrations/FreshCommand.php(59): Illuminate\\Console\\Command->call()
#39 /home/willy/Projetos/Salao/vendor/laravel/framework/src/Illuminate/Container/BoundMethod.php(36): Illuminate\\Database\\Console\\Migrations\\FreshCommand->handle()
#40 /home/willy/Projetos/Salao/vendor/laravel/framework/src/Illuminate/Container/Util.php(41): Illuminate\\Container\\BoundMethod::Illuminate\\Container\\{closure}()
#41 /home/willy/Projetos/Salao/vendor/laravel/framework/src/Illuminate/Container/BoundMethod.php(93): Illuminate\\Container\\Util::unwrapIfClosure()
#42 /home/willy/Projetos/Salao/vendor/laravel/framework/src/Illuminate/Container/BoundMethod.php(37): Illuminate\\Container\\BoundMethod::callBoundMethod()
#43 /home/willy/Projetos/Salao/vendor/laravel/framework/src/Illuminate/Container/Container.php(662): Illuminate\\Container\\BoundMethod::call()
#44 /home/willy/Projetos/Salao/vendor/laravel/framework/src/Illuminate/Console/Command.php(211): Illuminate\\Container\\Container->call()
#45 /home/willy/Projetos/Salao/vendor/symfony/console/Command/Command.php(326): Illuminate\\Console\\Command->execute()
#46 /home/willy/Projetos/Salao/vendor/laravel/framework/src/Illuminate/Console/Command.php(181): Symfony\\Component\\Console\\Command\\Command->run()
#47 /home/willy/Projetos/Salao/vendor/symfony/console/Application.php(1096): Illuminate\\Console\\Command->run()
#48 /home/willy/Projetos/Salao/vendor/symfony/console/Application.php(324): Symfony\\Component\\Console\\Application->doRunCommand()
#49 /home/willy/Projetos/Salao/vendor/symfony/console/Application.php(175): Symfony\\Component\\Console\\Application->doRun()
#50 /home/willy/Projetos/Salao/vendor/laravel/framework/src/Illuminate/Foundation/Console/Kernel.php(201): Symfony\\Component\\Console\\Application->run()
#51 /home/willy/Projetos/Salao/artisan(37): Illuminate\\Foundation\\Console\\Kernel->handle()
#52 {main}
"} 
[2024-02-16 03:37:31] local.ERROR: Connection timed out [tcp://172.20.0.2:6379] {"exception":"[object] (Predis\\Connection\\ConnectionException(code: 110): Connection timed out [tcp://172.20.0.2:6379] at /home/willy/Projetos/Salao/vendor/predis/predis/src/Connection/AbstractConnection.php:144)
[stacktrace]
#0 /home/willy/Projetos/Salao/vendor/predis/predis/src/Connection/StreamConnection.php(109): Predis\\Connection\\AbstractConnection->onConnectionError()
#1 /home/willy/Projetos/Salao/vendor/predis/predis/src/Connection/StreamConnection.php(154): Predis\\Connection\\StreamConnection->createStreamSocket()
#2 /home/willy/Projetos/Salao/vendor/predis/predis/src/Connection/StreamConnection.php(80): Predis\\Connection\\StreamConnection->tcpStreamInitializer()
#3 /home/willy/Projetos/Salao/vendor/predis/predis/src/Connection/AbstractConnection.php(85): Predis\\Connection\\StreamConnection->createResource()
#4 /home/willy/Projetos/Salao/vendor/predis/predis/src/Connection/StreamConnection.php(230): Predis\\Connection\\AbstractConnection->connect()
#5 /home/willy/Projetos/Salao/vendor/predis/predis/src/Connection/AbstractConnection.php(169): Predis\\Connection\\StreamConnection->connect()
#6 /home/willy/Projetos/Salao/vendor/predis/predis/src/Connection/StreamConnection.php(265): Predis\\Connection\\AbstractConnection->getResource()
#7 /home/willy/Projetos/Salao/vendor/predis/predis/src/Connection/StreamConnection.php(372): Predis\\Connection\\StreamConnection->write()
#8 /home/willy/Projetos/Salao/vendor/predis/predis/src/Connection/AbstractConnection.php(122): Predis\\Connection\\StreamConnection->writeRequest()
#9 /home/willy/Projetos/Salao/vendor/predis/predis/src/Client.php(381): Predis\\Connection\\AbstractConnection->executeCommand()
#10 /home/willy/Projetos/Salao/vendor/predis/predis/src/Client.php(336): Predis\\Client->executeCommand()
#11 /home/willy/Projetos/Salao/vendor/laravel/framework/src/Illuminate/Redis/Connections/Connection.php(116): Predis\\Client->__call()
#12 /home/willy/Projetos/Salao/vendor/laravel/framework/src/Illuminate/Redis/Connections/Connection.php(229): Illuminate\\Redis\\Connections\\Connection->command()
#13 /home/willy/Projetos/Salao/vendor/laravel/framework/src/Illuminate/Cache/RedisStore.php(238): Illuminate\\Redis\\Connections\\Connection->__call()
#14 /home/willy/Projetos/Salao/vendor/laravel/framework/src/Illuminate/Cache/Repository.php(451): Illuminate\\Cache\\RedisStore->forget()
#15 /home/willy/Projetos/Salao/database/migrations/2023_06_13_033837_create_permission_tables.php(119): Illuminate\\Cache\\Repository->forget()
#16 /home/willy/Projetos/Salao/vendor/laravel/framework/src/Illuminate/Database/Migrations/Migrator.php(493): CreatePermissionTables->up()
#17 /home/willy/Projetos/Salao/vendor/laravel/framework/src/Illuminate/Database/Migrations/Migrator.php(410): Illuminate\\Database\\Migrations\\Migrator->runMethod()
#18 /home/willy/Projetos/Salao/vendor/laravel/framework/src/Illuminate/Database/Migrations/Migrator.php(419): Illuminate\\Database\\Migrations\\Migrator->Illuminate\\Database\\Migrations\\{closure}()
#19 /home/willy/Projetos/Salao/vendor/laravel/framework/src/Illuminate/Database/Migrations/Migrator.php(216): Illuminate\\Database\\Migrations\\Migrator->runMigration()
#20 /home/willy/Projetos/Salao/vendor/laravel/framework/src/Illuminate/Console/View/Components/Task.php(37): Illuminate\\Database\\Migrations\\Migrator->Illuminate\\Database\\Migrations\\{closure}()
#21 /home/willy/Projetos/Salao/vendor/laravel/framework/src/Illuminate/Database/Migrations/Migrator.php(756): Illuminate\\Console\\View\\Components\\Task->render()
#22 /home/willy/Projetos/Salao/vendor/laravel/framework/src/Illuminate/Database/Migrations/Migrator.php(216): Illuminate\\Database\\Migrations\\Migrator->write()
#23 /home/willy/Projetos/Salao/vendor/laravel/framework/src/Illuminate/Database/Migrations/Migrator.php(181): Illuminate\\Database\\Migrations\\Migrator->runUp()
#24 /home/willy/Projetos/Salao/vendor/laravel/framework/src/Illuminate/Database/Migrations/Migrator.php(124): Illuminate\\Database\\Migrations\\Migrator->runPending()
#25 /home/willy/Projetos/Salao/vendor/laravel/framework/src/Illuminate/Database/Console/Migrations/MigrateCommand.php(92): Illuminate\\Database\\Migrations\\Migrator->run()
#26 /home/willy/Projetos/Salao/vendor/laravel/framework/src/Illuminate/Database/Migrations/Migrator.php(633): Illuminate\\Database\\Console\\Migrations\\MigrateCommand->Illuminate\\Database\\Console\\Migrations\\{closure}()
#27 /home/willy/Projetos/Salao/vendor/laravel/framework/src/Illuminate/Database/Console/Migrations/MigrateCommand.php(104): Illuminate\\Database\\Migrations\\Migrator->usingConnection()
#28 /home/willy/Projetos/Salao/vendor/laravel/framework/src/Illuminate/Container/BoundMethod.php(36): Illuminate\\Database\\Console\\Migrations\\MigrateCommand->handle()
#29 /home/willy/Projetos/Salao/vendor/laravel/framework/src/Illuminate/Container/Util.php(41): Illuminate\\Container\\BoundMethod::Illuminate\\Container\\{closure}()
#30 /home/willy/Projetos/Salao/vendor/laravel/framework/src/Illuminate/Container/BoundMethod.php(93): Illuminate\\Container\\Util::unwrapIfClosure()
#31 /home/willy/Projetos/Salao/vendor/laravel/framework/src/Illuminate/Container/BoundMethod.php(37): Illuminate\\Container\\BoundMethod::callBoundMethod()
#32 /home/willy/Projetos/Salao/vendor/laravel/framework/src/Illuminate/Container/Container.php(662): Illuminate\\Container\\BoundMethod::call()
#33 /home/willy/Projetos/Salao/vendor/laravel/framework/src/Illuminate/Console/Command.php(211): Illuminate\\Container\\Container->call()
#34 /home/willy/Projetos/Salao/vendor/symfony/console/Command/Command.php(326): Illuminate\\Console\\Command->execute()
#35 /home/willy/Projetos/Salao/vendor/laravel/framework/src/Illuminate/Console/Command.php(181): Symfony\\Component\\Console\\Command\\Command->run()
#36 /home/willy/Projetos/Salao/vendor/laravel/framework/src/Illuminate/Console/Concerns/CallsCommands.php(68): Illuminate\\Console\\Command->run()
#37 /home/willy/Projetos/Salao/vendor/laravel/framework/src/Illuminate/Console/Concerns/CallsCommands.php(28): Illuminate\\Console\\Command->runCommand()
#38 /home/willy/Projetos/Salao/vendor/laravel/framework/src/Illuminate/Database/Console/Migrations/FreshCommand.php(59): Illuminate\\Console\\Command->call()
#39 /home/willy/Projetos/Salao/vendor/laravel/framework/src/Illuminate/Container/BoundMethod.php(36): Illuminate\\Database\\Console\\Migrations\\FreshCommand->handle()
#40 /home/willy/Projetos/Salao/vendor/laravel/framework/src/Illuminate/Container/Util.php(41): Illuminate\\Container\\BoundMethod::Illuminate\\Container\\{closure}()
#41 /home/willy/Projetos/Salao/vendor/laravel/framework/src/Illuminate/Container/BoundMethod.php(93): Illuminate\\Container\\Util::unwrapIfClosure()
#42 /home/willy/Projetos/Salao/vendor/laravel/framework/src/Illuminate/Container/BoundMethod.php(37): Illuminate\\Container\\BoundMethod::callBoundMethod()
#43 /home/willy/Projetos/Salao/vendor/laravel/framework/src/Illuminate/Container/Container.php(662): Illuminate\\Container\\BoundMethod::call()
#44 /home/willy/Projetos/Salao/vendor/laravel/framework/src/Illuminate/Console/Command.php(211): Illuminate\\Container\\Container->call()
#45 /home/willy/Projetos/Salao/vendor/symfony/console/Command/Command.php(326): Illuminate\\Console\\Command->execute()
#46 /home/willy/Projetos/Salao/vendor/laravel/framework/src/Illuminate/Console/Command.php(181): Symfony\\Component\\Console\\Command\\Command->run()
#47 /home/willy/Projetos/Salao/vendor/symfony/console/Application.php(1096): Illuminate\\Console\\Command->run()
#48 /home/willy/Projetos/Salao/vendor/symfony/console/Application.php(324): Symfony\\Component\\Console\\Application->doRunCommand()
#49 /home/willy/Projetos/Salao/vendor/symfony/console/Application.php(175): Symfony\\Component\\Console\\Application->doRun()
#50 /home/willy/Projetos/Salao/vendor/laravel/framework/src/Illuminate/Foundation/Console/Kernel.php(201): Symfony\\Component\\Console\\Application->run()
#51 /home/willy/Projetos/Salao/artisan(37): Illuminate\\Foundation\\Console\\Kernel->handle()
#52 {main}
"} 
