[2024-03-17 19:31:05] local.ERROR: No route to host [tcp://172.19.0.2:6379] {"exception":"[object] (Predis\\Connection\\ConnectionException(code: 113): No route to host [tcp://172.19.0.2:6379] at /home/willy/Projetos/Salao/vendor/predis/predis/src/Connection/AbstractConnection.php:144)
[stacktrace]
#0 /home/willy/Projetos/Salao/vendor/predis/predis/src/Connection/StreamConnection.php(109): Predis\\Connection\\AbstractConnection->onConnectionError()
#1 /home/willy/Projetos/Salao/vendor/predis/predis/src/Connection/StreamConnection.php(154): Predis\\Connection\\StreamConnection->createStreamSocket()
#2 /home/willy/Projetos/Salao/vendor/predis/predis/src/Connection/StreamConnection.php(80): Predis\\Connection\\StreamConnection->tcpStreamInitializer()
#3 /home/willy/Projetos/Salao/vendor/predis/predis/src/Connection/AbstractConnection.php(85): Predis\\Connection\\StreamConnection->createResource()
#4 /home/willy/Projetos/Salao/vendor/predis/predis/src/Connection/StreamConnection.php(230): Predis\\Connection\\AbstractConnection->connect()
#5 /home/willy/Projetos/Salao/vendor/predis/predis/src/Connection/AbstractConnection.php(169): Predis\\Connection\\StreamConnection->connect()
#6 /home/willy/Projetos/Salao/vendor/predis/predis/src/Connection/StreamConnection.php(265): Predis\\Connection\\AbstractConnection->getResource()
#7 /home/willy/Projetos/Salao/vendor/predis/predis/src/Connection/StreamConnection.php(372): Predis\\Connection\\StreamConnection->write()
#8 /home/willy/Projetos/Salao/vendor/predis/predis/src/Connection/AbstractConnection.php(122): Predis\\Connection\\StreamConnection->writeRequest()
#9 /home/willy/Projetos/Salao/vendor/predis/predis/src/Client.php(381): Predis\\Connection\\AbstractConnection->executeCommand()
#10 /home/willy/Projetos/Salao/vendor/predis/predis/src/Client.php(336): Predis\\Client->executeCommand()
#11 /home/willy/Projetos/Salao/vendor/laravel/framework/src/Illuminate/Redis/Connections/Connection.php(116): Predis\\Client->__call()
#12 /home/willy/Projetos/Salao/vendor/laravel/framework/src/Illuminate/Redis/Connections/Connection.php(229): Illuminate\\Redis\\Connections\\Connection->command()
#13 /home/willy/Projetos/Salao/vendor/laravel/framework/src/Illuminate/Cache/RedisStore.php(65): Illuminate\\Redis\\Connections\\Connection->__call()
#14 /home/willy/Projetos/Salao/vendor/laravel/framework/src/Illuminate/Cache/Repository.php(99): Illuminate\\Cache\\RedisStore->get()
#15 /home/willy/Projetos/Salao/vendor/laravel/framework/src/Illuminate/Cache/RateLimiter.php(143): Illuminate\\Cache\\Repository->get()
#16 /home/willy/Projetos/Salao/vendor/laravel/framework/src/Illuminate/Cache/RateLimiter.php(96): Illuminate\\Cache\\RateLimiter->attempts()
#17 /home/willy/Projetos/Salao/vendor/laravel/framework/src/Illuminate/Support/Facades/Facade.php(355): Illuminate\\Cache\\RateLimiter->tooManyAttempts()
#18 /home/willy/Projetos/Salao/app/Http/Requests/Auth/LoginRequest.php(62): Illuminate\\Support\\Facades\\Facade::__callStatic()
#19 /home/willy/Projetos/Salao/app/Http/Requests/Auth/LoginRequest.php(42): App\\Http\\Requests\\Auth\\LoginRequest->ensureIsNotRateLimited()
#20 /home/willy/Projetos/Salao/app/Http/Controllers/Auth/AuthenticatedSessionController.php(33): App\\Http\\Requests\\Auth\\LoginRequest->authenticate()
#21 /home/willy/Projetos/Salao/vendor/laravel/framework/src/Illuminate/Routing/Controller.php(54): App\\Http\\Controllers\\Auth\\AuthenticatedSessionController->store()
#22 /home/willy/Projetos/Salao/vendor/laravel/framework/src/Illuminate/Routing/ControllerDispatcher.php(43): Illuminate\\Routing\\Controller->callAction()
#23 /home/willy/Projetos/Salao/vendor/laravel/framework/src/Illuminate/Routing/Route.php(260): Illuminate\\Routing\\ControllerDispatcher->dispatch()
#24 /home/willy/Projetos/Salao/vendor/laravel/framework/src/Illuminate/Routing/Route.php(205): Illuminate\\Routing\\Route->runController()
#25 /home/willy/Projetos/Salao/vendor/laravel/framework/src/Illuminate/Routing/Router.php(806): Illuminate\\Routing\\Route->run()
#26 /home/willy/Projetos/Salao/vendor/laravel/framework/src/Illuminate/Pipeline/Pipeline.php(144): Illuminate\\Routing\\Router->Illuminate\\Routing\\{closure}()
#27 /home/willy/Projetos/Salao/app/Http/Middleware/RedirectIfAuthenticated.php(28): Illuminate\\Pipeline\\Pipeline->Illuminate\\Pipeline\\{closure}()
#28 /home/willy/Projetos/Salao/vendor/laravel/framework/src/Illuminate/Pipeline/Pipeline.php(183): App\\Http\\Middleware\\RedirectIfAuthenticated->handle()
#29 /home/willy/Projetos/Salao/vendor/laravel/framework/src/Illuminate/Http/Middleware/AddLinkHeadersForPreloadedAssets.php(19): Illuminate\\Pipeline\\Pipeline->Illuminate\\Pipeline\\{closure}()
#30 /home/willy/Projetos/Salao/vendor/laravel/framework/src/Illuminate/Pipeline/Pipeline.php(183): Illuminate\\Http\\Middleware\\AddLinkHeadersForPreloadedAssets->handle()
#31 /home/willy/Projetos/Salao/vendor/inertiajs/inertia-laravel/src/Middleware.php(87): Illuminate\\Pipeline\\Pipeline->Illuminate\\Pipeline\\{closure}()
#32 /home/willy/Projetos/Salao/vendor/laravel/framework/src/Illuminate/Pipeline/Pipeline.php(183): Inertia\\Middleware->handle()
#33 /home/willy/Projetos/Salao/vendor/laravel/framework/src/Illuminate/Routing/Middleware/SubstituteBindings.php(50): Illuminate\\Pipeline\\Pipeline->Illuminate\\Pipeline\\{closure}()
#34 /home/willy/Projetos/Salao/vendor/laravel/framework/src/Illuminate/Pipeline/Pipeline.php(183): Illuminate\\Routing\\Middleware\\SubstituteBindings->handle()
#35 /home/willy/Projetos/Salao/vendor/laravel/framework/src/Illuminate/Foundation/Http/Middleware/VerifyCsrfToken.php(78): Illuminate\\Pipeline\\Pipeline->Illuminate\\Pipeline\\{closure}()
#36 /home/willy/Projetos/Salao/vendor/laravel/framework/src/Illuminate/Pipeline/Pipeline.php(183): Illuminate\\Foundation\\Http\\Middleware\\VerifyCsrfToken->handle()
#37 /home/willy/Projetos/Salao/vendor/laravel/framework/src/Illuminate/View/Middleware/ShareErrorsFromSession.php(49): Illuminate\\Pipeline\\Pipeline->Illuminate\\Pipeline\\{closure}()
#38 /home/willy/Projetos/Salao/vendor/laravel/framework/src/Illuminate/Pipeline/Pipeline.php(183): Illuminate\\View\\Middleware\\ShareErrorsFromSession->handle()
#39 /home/willy/Projetos/Salao/vendor/laravel/framework/src/Illuminate/Session/Middleware/StartSession.php(121): Illuminate\\Pipeline\\Pipeline->Illuminate\\Pipeline\\{closure}()
#40 /home/willy/Projetos/Salao/vendor/laravel/framework/src/Illuminate/Session/Middleware/StartSession.php(64): Illuminate\\Session\\Middleware\\StartSession->handleStatefulRequest()
#41 /home/willy/Projetos/Salao/vendor/laravel/framework/src/Illuminate/Pipeline/Pipeline.php(183): Illuminate\\Session\\Middleware\\StartSession->handle()
#42 /home/willy/Projetos/Salao/vendor/laravel/framework/src/Illuminate/Cookie/Middleware/AddQueuedCookiesToResponse.php(37): Illuminate\\Pipeline\\Pipeline->Illuminate\\Pipeline\\{closure}()
#43 /home/willy/Projetos/Salao/vendor/laravel/framework/src/Illuminate/Pipeline/Pipeline.php(183): Illuminate\\Cookie\\Middleware\\AddQueuedCookiesToResponse->handle()
#44 /home/willy/Projetos/Salao/vendor/laravel/framework/src/Illuminate/Cookie/Middleware/EncryptCookies.php(67): Illuminate\\Pipeline\\Pipeline->Illuminate\\Pipeline\\{closure}()
#45 /home/willy/Projetos/Salao/vendor/laravel/framework/src/Illuminate/Pipeline/Pipeline.php(183): Illuminate\\Cookie\\Middleware\\EncryptCookies->handle()
#46 /home/willy/Projetos/Salao/vendor/laravel/framework/src/Illuminate/Pipeline/Pipeline.php(119): Illuminate\\Pipeline\\Pipeline->Illuminate\\Pipeline\\{closure}()
#47 /home/willy/Projetos/Salao/vendor/laravel/framework/src/Illuminate/Routing/Router.php(807): Illuminate\\Pipeline\\Pipeline->then()
#48 /home/willy/Projetos/Salao/vendor/laravel/framework/src/Illuminate/Routing/Router.php(784): Illuminate\\Routing\\Router->runRouteWithinStack()
#49 /home/willy/Projetos/Salao/vendor/laravel/framework/src/Illuminate/Routing/Router.php(748): Illuminate\\Routing\\Router->runRoute()
#50 /home/willy/Projetos/Salao/vendor/laravel/framework/src/Illuminate/Routing/Router.php(737): Illuminate\\Routing\\Router->dispatchToRoute()
#51 /home/willy/Projetos/Salao/vendor/laravel/framework/src/Illuminate/Foundation/Http/Kernel.php(200): Illuminate\\Routing\\Router->dispatch()
#52 /home/willy/Projetos/Salao/vendor/laravel/framework/src/Illuminate/Pipeline/Pipeline.php(144): Illuminate\\Foundation\\Http\\Kernel->Illuminate\\Foundation\\Http\\{closure}()
#53 /home/willy/Projetos/Salao/app/Http/Middleware/CorsMiddleware.php(13): Illuminate\\Pipeline\\Pipeline->Illuminate\\Pipeline\\{closure}()
#54 /home/willy/Projetos/Salao/vendor/laravel/framework/src/Illuminate/Pipeline/Pipeline.php(183): App\\Http\\Middleware\\CorsMiddleware->handle()
#55 /home/willy/Projetos/Salao/vendor/laravel/framework/src/Illuminate/Foundation/Http/Middleware/TransformsRequest.php(21): Illuminate\\Pipeline\\Pipeline->Illuminate\\Pipeline\\{closure}()
#56 /home/willy/Projetos/Salao/vendor/laravel/framework/src/Illuminate/Foundation/Http/Middleware/ConvertEmptyStringsToNull.php(31): Illuminate\\Foundation\\Http\\Middleware\\TransformsRequest->handle()
#57 /home/willy/Projetos/Salao/vendor/laravel/framework/src/Illuminate/Pipeline/Pipeline.php(183): Illuminate\\Foundation\\Http\\Middleware\\ConvertEmptyStringsToNull->handle()
#58 /home/willy/Projetos/Salao/vendor/laravel/framework/src/Illuminate/Foundation/Http/Middleware/TransformsRequest.php(21): Illuminate\\Pipeline\\Pipeline->Illuminate\\Pipeline\\{closure}()
#59 /home/willy/Projetos/Salao/vendor/laravel/framework/src/Illuminate/Foundation/Http/Middleware/TrimStrings.php(40): Illuminate\\Foundation\\Http\\Middleware\\TransformsRequest->handle()
#60 /home/willy/Projetos/Salao/vendor/laravel/framework/src/Illuminate/Pipeline/Pipeline.php(183): Illuminate\\Foundation\\Http\\Middleware\\TrimStrings->handle()
#61 /home/willy/Projetos/Salao/vendor/laravel/framework/src/Illuminate/Foundation/Http/Middleware/ValidatePostSize.php(27): Illuminate\\Pipeline\\Pipeline->Illuminate\\Pipeline\\{closure}()
#62 /home/willy/Projetos/Salao/vendor/laravel/framework/src/Illuminate/Pipeline/Pipeline.php(183): Illuminate\\Foundation\\Http\\Middleware\\ValidatePostSize->handle()
#63 /home/willy/Projetos/Salao/vendor/laravel/framework/src/Illuminate/Foundation/Http/Middleware/PreventRequestsDuringMaintenance.php(99): Illuminate\\Pipeline\\Pipeline->Illuminate\\Pipeline\\{closure}()
#64 /home/willy/Projetos/Salao/vendor/laravel/framework/src/Illuminate/Pipeline/Pipeline.php(183): Illuminate\\Foundation\\Http\\Middleware\\PreventRequestsDuringMaintenance->handle()
#65 /home/willy/Projetos/Salao/vendor/laravel/framework/src/Illuminate/Http/Middleware/HandleCors.php(49): Illuminate\\Pipeline\\Pipeline->Illuminate\\Pipeline\\{closure}()
#66 /home/willy/Projetos/Salao/vendor/laravel/framework/src/Illuminate/Pipeline/Pipeline.php(183): Illuminate\\Http\\Middleware\\HandleCors->handle()
#67 /home/willy/Projetos/Salao/vendor/laravel/framework/src/Illuminate/Http/Middleware/TrustProxies.php(39): Illuminate\\Pipeline\\Pipeline->Illuminate\\Pipeline\\{closure}()
#68 /home/willy/Projetos/Salao/vendor/laravel/framework/src/Illuminate/Pipeline/Pipeline.php(183): Illuminate\\Http\\Middleware\\TrustProxies->handle()
#69 /home/willy/Projetos/Salao/vendor/laravel/framework/src/Illuminate/Pipeline/Pipeline.php(119): Illuminate\\Pipeline\\Pipeline->Illuminate\\Pipeline\\{closure}()
#70 /home/willy/Projetos/Salao/vendor/laravel/framework/src/Illuminate/Foundation/Http/Kernel.php(175): Illuminate\\Pipeline\\Pipeline->then()
#71 /home/willy/Projetos/Salao/vendor/laravel/framework/src/Illuminate/Foundation/Http/Kernel.php(144): Illuminate\\Foundation\\Http\\Kernel->sendRequestThroughRouter()
#72 /home/willy/Projetos/Salao/public/index.php(52): Illuminate\\Foundation\\Http\\Kernel->handle()
#73 /home/willy/Projetos/Salao/vendor/laravel/framework/src/Illuminate/Foundation/resources/server.php(16): require_once('...')
#74 {main}
"} 
